Analysis & Synthesis report for circuito_01
Tue Jun 17 14:29:24 2025
Quartus Prime Version 23.1std.1 Build 993 05/14/2024 SC Lite Edition


---------------------
; Table of Contents ;
---------------------
  1. Legal Notice
  2. Analysis & Synthesis Summary
  3. Analysis & Synthesis Settings
  4. Parallel Compilation
  5. Analysis & Synthesis Source Files Read
  6. Analysis & Synthesis Resource Usage Summary
  7. Analysis & Synthesis Resource Utilization by Entity
  8. General Register Statistics
  9. Post-Synthesis Netlist Statistics for Top Partition
 10. Elapsed Time Per Partition
 11. Analysis & Synthesis Messages



----------------
; Legal Notice ;
----------------
Copyright (C) 2024  Intel Corporation. All rights reserved.
Your use of Intel Corporation's design tools, logic functions 
and other software and tools, and any partner logic 
functions, and any output files from any of the foregoing 
(including device programming or simulation files), and any 
associated documentation or information are expressly subject 
to the terms and conditions of the Intel Program License 
Subscription Agreement, the Intel Quartus Prime License Agreement,
the Intel FPGA IP License Agreement, or other applicable license
agreement, including, without limitation, that your use is for
the sole purpose of programming logic devices manufactured by
Intel and sold by Intel or its authorized distributors.  Please
refer to the applicable agreement for further details, at
https://fpgasoftware.intel.com/eula.



+-------------------------------------------------------------------------------------+
; Analysis & Synthesis Summary                                                        ;
+------------------------------------+------------------------------------------------+
; Analysis & Synthesis Status        ; Successful - Tue Jun 17 14:29:24 2025          ;
; Quartus Prime Version              ; 23.1std.1 Build 993 05/14/2024 SC Lite Edition ;
; Revision Name                      ; circuito_01                                    ;
; Top-level Entity Name              ; circuito_01                                    ;
; Family                             ; MAX 10                                         ;
; Total logic elements               ; 14                                             ;
;     Total combinational functions  ; 14                                             ;
;     Dedicated logic registers      ; 0                                              ;
; Total registers                    ; 0                                              ;
; Total pins                         ; 62                                             ;
; Total virtual pins                 ; 0                                              ;
; Total memory bits                  ; 0                                              ;
; Embedded Multiplier 9-bit elements ; 0                                              ;
; Total PLLs                         ; 0                                              ;
; UFM blocks                         ; 0                                              ;
; ADC blocks                         ; 0                                              ;
+------------------------------------+------------------------------------------------+


+------------------------------------------------------------------------------------------------------------+
; Analysis & Synthesis Settings                                                                              ;
+------------------------------------------------------------------+--------------------+--------------------+
; Option                                                           ; Setting            ; Default Value      ;
+------------------------------------------------------------------+--------------------+--------------------+
; Device                                                           ; 10M50DAF484C7G     ;                    ;
; Top-level entity name                                            ; circuito_01        ; circuito_01        ;
; Family name                                                      ; MAX 10             ; Cyclone V          ;
; Use smart compilation                                            ; Off                ; Off                ;
; Enable parallel Assembler and Timing Analyzer during compilation ; On                 ; On                 ;
; Enable compact report table                                      ; Off                ; Off                ;
; Restructure Multiplexers                                         ; Auto               ; Auto               ;
; Create Debugging Nodes for IP Cores                              ; Off                ; Off                ;
; Preserve fewer node names                                        ; On                 ; On                 ;
; Intel FPGA IP Evaluation Mode                                    ; Enable             ; Enable             ;
; Verilog Version                                                  ; Verilog_2001       ; Verilog_2001       ;
; VHDL Version                                                     ; VHDL_1993          ; VHDL_1993          ;
; State Machine Processing                                         ; Auto               ; Auto               ;
; Safe State Machine                                               ; Off                ; Off                ;
; Extract Verilog State Machines                                   ; On                 ; On                 ;
; Extract VHDL State Machines                                      ; On                 ; On                 ;
; Ignore Verilog initial constructs                                ; Off                ; Off                ;
; Iteration limit for constant Verilog loops                       ; 5000               ; 5000               ;
; Iteration limit for non-constant Verilog loops                   ; 250                ; 250                ;
; Add Pass-Through Logic to Inferred RAMs                          ; On                 ; On                 ;
; Infer RAMs from Raw Logic                                        ; On                 ; On                 ;
; Parallel Synthesis                                               ; On                 ; On                 ;
; DSP Block Balancing                                              ; Auto               ; Auto               ;
; NOT Gate Push-Back                                               ; On                 ; On                 ;
; Power-Up Don't Care                                              ; On                 ; On                 ;
; Remove Redundant Logic Cells                                     ; Off                ; Off                ;
; Remove Duplicate Registers                                       ; On                 ; On                 ;
; Ignore CARRY Buffers                                             ; Off                ; Off                ;
; Ignore CASCADE Buffers                                           ; Off                ; Off                ;
; Ignore GLOBAL Buffers                                            ; Off                ; Off                ;
; Ignore ROW GLOBAL Buffers                                        ; Off                ; Off                ;
; Ignore LCELL Buffers                                             ; Off                ; Off                ;
; Ignore SOFT Buffers                                              ; On                 ; On                 ;
; Limit AHDL Integers to 32 Bits                                   ; Off                ; Off                ;
; Optimization Technique                                           ; Balanced           ; Balanced           ;
; Carry Chain Length                                               ; 70                 ; 70                 ;
; Auto Carry Chains                                                ; On                 ; On                 ;
; Auto Open-Drain Pins                                             ; On                 ; On                 ;
; Perform WYSIWYG Primitive Resynthesis                            ; Off                ; Off                ;
; Auto ROM Replacement                                             ; On                 ; On                 ;
; Auto RAM Replacement                                             ; On                 ; On                 ;
; Auto DSP Block Replacement                                       ; On                 ; On                 ;
; Auto Shift Register Replacement                                  ; Auto               ; Auto               ;
; Allow Shift Register Merging across Hierarchies                  ; Auto               ; Auto               ;
; Auto Clock Enable Replacement                                    ; On                 ; On                 ;
; Strict RAM Replacement                                           ; Off                ; Off                ;
; Allow Synchronous Control Signals                                ; On                 ; On                 ;
; Force Use of Synchronous Clear Signals                           ; Off                ; Off                ;
; Auto RAM Block Balancing                                         ; On                 ; On                 ;
; Auto RAM to Logic Cell Conversion                                ; Off                ; Off                ;
; Auto Resource Sharing                                            ; Off                ; Off                ;
; Allow Any RAM Size For Recognition                               ; Off                ; Off                ;
; Allow Any ROM Size For Recognition                               ; Off                ; Off                ;
; Allow Any Shift Register Size For Recognition                    ; Off                ; Off                ;
; Use LogicLock Constraints during Resource Balancing              ; On                 ; On                 ;
; Ignore translate_off and synthesis_off directives                ; Off                ; Off                ;
; Timing-Driven Synthesis                                          ; On                 ; On                 ;
; Report Parameter Settings                                        ; On                 ; On                 ;
; Report Source Assignments                                        ; On                 ; On                 ;
; Report Connectivity Checks                                       ; On                 ; On                 ;
; Ignore Maximum Fan-Out Assignments                               ; Off                ; Off                ;
; Synchronization Register Chain Length                            ; 2                  ; 2                  ;
; Power Optimization During Synthesis                              ; Normal compilation ; Normal compilation ;
; HDL message level                                                ; Level2             ; Level2             ;
; Suppress Register Optimization Related Messages                  ; Off                ; Off                ;
; Number of Removed Registers Reported in Synthesis Report         ; 5000               ; 5000               ;
; Number of Swept Nodes Reported in Synthesis Report               ; 5000               ; 5000               ;
; Number of Inverted Registers Reported in Synthesis Report        ; 100                ; 100                ;
; Clock MUX Protection                                             ; On                 ; On                 ;
; Auto Gated Clock Conversion                                      ; Off                ; Off                ;
; Block Design Naming                                              ; Auto               ; Auto               ;
; SDC constraint protection                                        ; Off                ; Off                ;
; Synthesis Effort                                                 ; Auto               ; Auto               ;
; Shift Register Replacement - Allow Asynchronous Clear Signal     ; On                 ; On                 ;
; Pre-Mapping Resynthesis Optimization                             ; Off                ; Off                ;
; Analysis & Synthesis Message Level                               ; Medium             ; Medium             ;
; Disable Register Merging Across Hierarchies                      ; Auto               ; Auto               ;
; Resource Aware Inference For Block RAM                           ; On                 ; On                 ;
+------------------------------------------------------------------+--------------------+--------------------+


+------------------------------------------+
; Parallel Compilation                     ;
+----------------------------+-------------+
; Processors                 ; Number      ;
+----------------------------+-------------+
; Number detected on machine ; 8           ;
; Maximum allowed            ; 4           ;
;                            ;             ;
; Average used               ; 1.00        ;
; Maximum used               ; 1           ;
;                            ;             ;
; Usage by Processor         ; % Time Used ;
;     Processor 1            ; 100.0%      ;
+----------------------------+-------------+


+--------------------------------------------------------------------------------------------------------------------------------------------------------------------------------------------------+
; Analysis & Synthesis Source Files Read                                                                                                                                                           ;
+----------------------------------+-----------------+-----------------+-----------------------------------------------------------------------------------------------------------------+---------+
; File Name with User-Entered Path ; Used in Netlist ; File Type       ; File Name with Absolute Path                                                                                    ; Library ;
+----------------------------------+-----------------+-----------------+-----------------------------------------------------------------------------------------------------------------+---------+
; Components.vhd                   ; yes             ; User VHDL File  ; C:/Projetos/Engenharia-de-Computacao/Disciplinas/Eletronica_Digital/Deeds/circuito_01_DE10_Lite/Components.vhd  ;         ;
; circuito_01.vhd                  ; yes             ; User VHDL File  ; C:/Projetos/Engenharia-de-Computacao/Disciplinas/Eletronica_Digital/Deeds/circuito_01_DE10_Lite/circuito_01.vhd ;         ;
+----------------------------------+-----------------+-----------------+-----------------------------------------------------------------------------------------------------------------+---------+


+----------------------------------------------------------------+
; Analysis & Synthesis Resource Usage Summary                    ;
+---------------------------------------------+------------------+
; Resource                                    ; Usage            ;
+---------------------------------------------+------------------+
; Estimated Total logic elements              ; 14               ;
;                                             ;                  ;
; Total combinational functions               ; 14               ;
; Logic element usage by number of LUT inputs ;                  ;
;     -- 4 input functions                    ; 7                ;
;     -- 3 input functions                    ; 0                ;
;     -- <=2 input functions                  ; 7                ;
;                                             ;                  ;
; Logic elements by mode                      ;                  ;
;     -- normal mode                          ; 14               ;
;     -- arithmetic mode                      ; 0                ;
;                                             ;                  ;
; Total registers                             ; 0                ;
;     -- Dedicated logic registers            ; 0                ;
;     -- I/O registers                        ; 0                ;
;                                             ;                  ;
; I/O pins                                    ; 62               ;
;                                             ;                  ;
; Embedded Multiplier 9-bit elements          ; 0                ;
;                                             ;                  ;
; Maximum fan-out node                        ; iID0015_00~input ;
; Maximum fan-out                             ; 7                ;
; Total fan-out                               ; 111              ;
; Average fan-out                             ; 0.80             ;
+---------------------------------------------+------------------+


+---------------------------------------------------------------------------------------------------------------------------------------------------------------------------------------------------------------------------------------------------------------------------------------------------+
; Analysis & Synthesis Resource Utilization by Entity                                                                                                                                                                                                                                               ;
+-------------------------------------------------+---------------------+---------------------------+-------------+------------+--------------+---------+-----------+------+--------------+------------+---------------------------------------------------------+-------------------+--------------+
; Compilation Hierarchy Node                      ; Combinational ALUTs ; Dedicated Logic Registers ; Memory Bits ; UFM Blocks ; DSP Elements ; DSP 9x9 ; DSP 18x18 ; Pins ; Virtual Pins ; ADC blocks ; Full Hierarchy Name                                     ; Entity Name       ; Library Name ;
+-------------------------------------------------+---------------------+---------------------------+-------------+------------+--------------+---------+-----------+------+--------------+------------+---------------------------------------------------------+-------------------+--------------+
; |circuito_01                                    ; 14 (0)              ; 0 (0)                     ; 0           ; 0          ; 0            ; 0       ; 0         ; 62   ; 0            ; 0          ; |circuito_01                                            ; circuito_01       ; work         ;
;    |SevenSegm_Decoder:SevenSegm_Decoder_oSAIDA| ; 14 (14)             ; 0 (0)                     ; 0           ; 0          ; 0            ; 0       ; 0         ; 0    ; 0            ; 0          ; |circuito_01|SevenSegm_Decoder:SevenSegm_Decoder_oSAIDA ; SevenSegm_Decoder ; work         ;
+-------------------------------------------------+---------------------+---------------------------+-------------+------------+--------------+---------+-----------+------+--------------+------------+---------------------------------------------------------+-------------------+--------------+
Note: For table entries with two numbers listed, the numbers in parentheses indicate the number of resources of the given type used by the specific entity alone. The numbers listed outside of parentheses indicate the total resources of the given type used by the specific entity and all of its sub-entities in the hierarchy.


+------------------------------------------------------+
; General Register Statistics                          ;
+----------------------------------------------+-------+
; Statistic                                    ; Value ;
+----------------------------------------------+-------+
; Total registers                              ; 0     ;
; Number of registers using Synchronous Clear  ; 0     ;
; Number of registers using Synchronous Load   ; 0     ;
; Number of registers using Asynchronous Clear ; 0     ;
; Number of registers using Asynchronous Load  ; 0     ;
; Number of registers using Clock Enable       ; 0     ;
; Number of registers using Preset             ; 0     ;
+----------------------------------------------+-------+


+-----------------------------------------------------+
; Post-Synthesis Netlist Statistics for Top Partition ;
+-----------------------+-----------------------------+
; Type                  ; Count                       ;
+-----------------------+-----------------------------+
; boundary_port         ; 62                          ;
; cycloneiii_lcell_comb ; 19                          ;
;     normal            ; 19                          ;
;         0 data inputs ; 2                           ;
;         1 data inputs ; 3                           ;
;         2 data inputs ; 7                           ;
;         4 data inputs ; 7                           ;
;                       ;                             ;
; Max LUT depth         ; 3.00                        ;
; Average LUT depth     ; 2.38                        ;
+-----------------------+-----------------------------+


+-------------------------------+
; Elapsed Time Per Partition    ;
+----------------+--------------+
; Partition Name ; Elapsed Time ;
+----------------+--------------+
; Top            ; 00:00:00     ;
+----------------+--------------+


+-------------------------------+
; Analysis & Synthesis Messages ;
+-------------------------------+
Info: *******************************************************************
Info: Running Quartus Prime Analysis & Synthesis
    Info: Version 23.1std.1 Build 993 05/14/2024 SC Lite Edition
    Info: Processing started: Tue Jun 17 14:29:14 2025
Info: Command: quartus_map --read_settings_files=on --write_settings_files=off circuito_01 -c circuito_01
Info (125069): Default assignment values were changed in the current version of the Quartus Prime software -- changes to default assignments values are contained in file c:/intelfpga_lite/23.1std/quartus/bin64/assignment_defaults.qdf
Warning (18236): Number of processors has not been specified which may cause overloading on shared machines.  Set the global assignment NUM_PARALLEL_PROCESSORS in your QSF to an appropriate value for best performance.
Info (20030): Parallel compilation is enabled and will use 4 of the 4 processors detected
Info (12021): Found 4 design units, including 2 entities, in source file components.vhd
    Info (12022): Found design unit 1: ROM16x4C004-behavioral File: C:/Projetos/Engenharia-de-Computacao/Disciplinas/Eletronica_Digital/Deeds/circuito_01_DE10_Lite/Components.vhd Line: 32
    Info (12022): Found design unit 2: SevenSegm_Decoder-behavioral File: C:/Projetos/Engenharia-de-Computacao/Disciplinas/Eletronica_Digital/Deeds/circuito_01_DE10_Lite/Components.vhd Line: 96
    Info (12023): Found entity 1: ROM16x4C004 File: C:/Projetos/Engenharia-de-Computacao/Disciplinas/Eletronica_Digital/Deeds/circuito_01_DE10_Lite/Components.vhd Line: 19
    Info (12023): Found entity 2: SevenSegm_Decoder File: C:/Projetos/Engenharia-de-Computacao/Disciplinas/Eletronica_Digital/Deeds/circuito_01_DE10_Lite/Components.vhd Line: 81
Info (12021): Found 2 design units, including 1 entities, in source file circuito_01.vhd
    Info (12022): Found design unit 1: circuito_01-structural File: C:/Projetos/Engenharia-de-Computacao/Disciplinas/Eletronica_Digital/Deeds/circuito_01_DE10_Lite/circuito_01.vhd Line: 92
    Info (12023): Found entity 1: circuito_01 File: C:/Projetos/Engenharia-de-Computacao/Disciplinas/Eletronica_Digital/Deeds/circuito_01_DE10_Lite/circuito_01.vhd Line: 19
Info (12127): Elaborating entity "circuito_01" for the top level hierarchy
Info (12128): Elaborating entity "SevenSegm_Decoder" for hierarchy "SevenSegm_Decoder:SevenSegm_Decoder_oSAIDA" File: C:/Projetos/Engenharia-de-Computacao/Disciplinas/Eletronica_Digital/Deeds/circuito_01_DE10_Lite/circuito_01.vhd Line: 207
Info (12128): Elaborating entity "ROM16x4C004" for hierarchy "ROM16x4C004:C004" File: C:/Projetos/Engenharia-de-Computacao/Disciplinas/Eletronica_Digital/Deeds/circuito_01_DE10_Lite/circuito_01.vhd Line: 211
Warning (13024): Output pins are stuck at VCC or GND
    Warning (13410): Pin "oPIN_A8" is stuck at GND File: C:/Projetos/Engenharia-de-Computacao/Disciplinas/Eletronica_Digital/Deeds/circuito_01_DE10_Lite/circuito_01.vhd Line: 37
    Warning (13410): Pin "oPIN_A9" is stuck at GND File: C:/Projetos/Engenharia-de-Computacao/Disciplinas/Eletronica_Digital/Deeds/circuito_01_DE10_Lite/circuito_01.vhd Line: 38
    Warning (13410): Pin "oPIN_A10" is stuck at GND File: C:/Projetos/Engenharia-de-Computacao/Disciplinas/Eletronica_Digital/Deeds/circuito_01_DE10_Lite/circuito_01.vhd Line: 39
    Warning (13410): Pin "oPIN_B10" is stuck at GND File: C:/Projetos/Engenharia-de-Computacao/Disciplinas/Eletronica_Digital/Deeds/circuito_01_DE10_Lite/circuito_01.vhd Line: 40
    Warning (13410): Pin "oPIN_D13" is stuck at GND File: C:/Projetos/Engenharia-de-Computacao/Disciplinas/Eletronica_Digital/Deeds/circuito_01_DE10_Lite/circuito_01.vhd Line: 41
    Warning (13410): Pin "oPIN_C13" is stuck at GND File: C:/Projetos/Engenharia-de-Computacao/Disciplinas/Eletronica_Digital/Deeds/circuito_01_DE10_Lite/circuito_01.vhd Line: 42
    Warning (13410): Pin "oPIN_E14" is stuck at GND File: C:/Projetos/Engenharia-de-Computacao/Disciplinas/Eletronica_Digital/Deeds/circuito_01_DE10_Lite/circuito_01.vhd Line: 43
    Warning (13410): Pin "oPIN_D14" is stuck at GND File: C:/Projetos/Engenharia-de-Computacao/Disciplinas/Eletronica_Digital/Deeds/circuito_01_DE10_Lite/circuito_01.vhd Line: 44
    Warning (13410): Pin "oPIN_A11" is stuck at GND File: C:/Projetos/Engenharia-de-Computacao/Disciplinas/Eletronica_Digital/Deeds/circuito_01_DE10_Lite/circuito_01.vhd Line: 45
    Warning (13410): Pin "oPIN_B11" is stuck at GND File: C:/Projetos/Engenharia-de-Computacao/Disciplinas/Eletronica_Digital/Deeds/circuito_01_DE10_Lite/circuito_01.vhd Line: 46
    Warning (13410): Pin "oPIN_C18" is stuck at VCC File: C:/Projetos/Engenharia-de-Computacao/Disciplinas/Eletronica_Digital/Deeds/circuito_01_DE10_Lite/circuito_01.vhd Line: 47
    Warning (13410): Pin "oPIN_D18" is stuck at VCC File: C:/Projetos/Engenharia-de-Computacao/Disciplinas/Eletronica_Digital/Deeds/circuito_01_DE10_Lite/circuito_01.vhd Line: 48
    Warning (13410): Pin "oPIN_E18" is stuck at VCC File: C:/Projetos/Engenharia-de-Computacao/Disciplinas/Eletronica_Digital/Deeds/circuito_01_DE10_Lite/circuito_01.vhd Line: 49
    Warning (13410): Pin "oPIN_B16" is stuck at VCC File: C:/Projetos/Engenharia-de-Computacao/Disciplinas/Eletronica_Digital/Deeds/circuito_01_DE10_Lite/circuito_01.vhd Line: 50
    Warning (13410): Pin "oPIN_A17" is stuck at VCC File: C:/Projetos/Engenharia-de-Computacao/Disciplinas/Eletronica_Digital/Deeds/circuito_01_DE10_Lite/circuito_01.vhd Line: 51
    Warning (13410): Pin "oPIN_A18" is stuck at VCC File: C:/Projetos/Engenharia-de-Computacao/Disciplinas/Eletronica_Digital/Deeds/circuito_01_DE10_Lite/circuito_01.vhd Line: 52
    Warning (13410): Pin "oPIN_B17" is stuck at VCC File: C:/Projetos/Engenharia-de-Computacao/Disciplinas/Eletronica_Digital/Deeds/circuito_01_DE10_Lite/circuito_01.vhd Line: 53
    Warning (13410): Pin "oPIN_A16" is stuck at VCC File: C:/Projetos/Engenharia-de-Computacao/Disciplinas/Eletronica_Digital/Deeds/circuito_01_DE10_Lite/circuito_01.vhd Line: 54
    Warning (13410): Pin "oPIN_B20" is stuck at VCC File: C:/Projetos/Engenharia-de-Computacao/Disciplinas/Eletronica_Digital/Deeds/circuito_01_DE10_Lite/circuito_01.vhd Line: 55
    Warning (13410): Pin "oPIN_A20" is stuck at VCC File: C:/Projetos/Engenharia-de-Computacao/Disciplinas/Eletronica_Digital/Deeds/circuito_01_DE10_Lite/circuito_01.vhd Line: 56
    Warning (13410): Pin "oPIN_B19" is stuck at VCC File: C:/Projetos/Engenharia-de-Computacao/Disciplinas/Eletronica_Digital/Deeds/circuito_01_DE10_Lite/circuito_01.vhd Line: 57
    Warning (13410): Pin "oPIN_A21" is stuck at VCC File: C:/Projetos/Engenharia-de-Computacao/Disciplinas/Eletronica_Digital/Deeds/circuito_01_DE10_Lite/circuito_01.vhd Line: 58
    Warning (13410): Pin "oPIN_B21" is stuck at VCC File: C:/Projetos/Engenharia-de-Computacao/Disciplinas/Eletronica_Digital/Deeds/circuito_01_DE10_Lite/circuito_01.vhd Line: 59
    Warning (13410): Pin "oPIN_C22" is stuck at VCC File: C:/Projetos/Engenharia-de-Computacao/Disciplinas/Eletronica_Digital/Deeds/circuito_01_DE10_Lite/circuito_01.vhd Line: 60
    Warning (13410): Pin "oPIN_B22" is stuck at VCC File: C:/Projetos/Engenharia-de-Computacao/Disciplinas/Eletronica_Digital/Deeds/circuito_01_DE10_Lite/circuito_01.vhd Line: 61
    Warning (13410): Pin "oPIN_A19" is stuck at VCC File: C:/Projetos/Engenharia-de-Computacao/Disciplinas/Eletronica_Digital/Deeds/circuito_01_DE10_Lite/circuito_01.vhd Line: 62
    Warning (13410): Pin "oPIN_F21" is stuck at VCC File: C:/Projetos/Engenharia-de-Computacao/Disciplinas/Eletronica_Digital/Deeds/circuito_01_DE10_Lite/circuito_01.vhd Line: 63
    Warning (13410): Pin "oPIN_E22" is stuck at VCC File: C:/Projetos/Engenharia-de-Computacao/Disciplinas/Eletronica_Digital/Deeds/circuito_01_DE10_Lite/circuito_01.vhd Line: 64
    Warning (13410): Pin "oPIN_E21" is stuck at VCC File: C:/Projetos/Engenharia-de-Computacao/Disciplinas/Eletronica_Digital/Deeds/circuito_01_DE10_Lite/circuito_01.vhd Line: 65
    Warning (13410): Pin "oPIN_C19" is stuck at VCC File: C:/Projetos/Engenharia-de-Computacao/Disciplinas/Eletronica_Digital/Deeds/circuito_01_DE10_Lite/circuito_01.vhd Line: 66
    Warning (13410): Pin "oPIN_C20" is stuck at VCC File: C:/Projetos/Engenharia-de-Computacao/Disciplinas/Eletronica_Digital/Deeds/circuito_01_DE10_Lite/circuito_01.vhd Line: 67
    Warning (13410): Pin "oPIN_D19" is stuck at VCC File: C:/Projetos/Engenharia-de-Computacao/Disciplinas/Eletronica_Digital/Deeds/circuito_01_DE10_Lite/circuito_01.vhd Line: 68
    Warning (13410): Pin "oPIN_E17" is stuck at VCC File: C:/Projetos/Engenharia-de-Computacao/Disciplinas/Eletronica_Digital/Deeds/circuito_01_DE10_Lite/circuito_01.vhd Line: 69
    Warning (13410): Pin "oPIN_D22" is stuck at VCC File: C:/Projetos/Engenharia-de-Computacao/Disciplinas/Eletronica_Digital/Deeds/circuito_01_DE10_Lite/circuito_01.vhd Line: 70
    Warning (13410): Pin "oPIN_F18" is stuck at VCC File: C:/Projetos/Engenharia-de-Computacao/Disciplinas/Eletronica_Digital/Deeds/circuito_01_DE10_Lite/circuito_01.vhd Line: 71
    Warning (13410): Pin "oPIN_E20" is stuck at VCC File: C:/Projetos/Engenharia-de-Computacao/Disciplinas/Eletronica_Digital/Deeds/circuito_01_DE10_Lite/circuito_01.vhd Line: 72
    Warning (13410): Pin "oPIN_E19" is stuck at VCC File: C:/Projetos/Engenharia-de-Computacao/Disciplinas/Eletronica_Digital/Deeds/circuito_01_DE10_Lite/circuito_01.vhd Line: 73
    Warning (13410): Pin "oPIN_J18" is stuck at VCC File: C:/Projetos/Engenharia-de-Computacao/Disciplinas/Eletronica_Digital/Deeds/circuito_01_DE10_Lite/circuito_01.vhd Line: 74
    Warning (13410): Pin "oPIN_H19" is stuck at VCC File: C:/Projetos/Engenharia-de-Computacao/Disciplinas/Eletronica_Digital/Deeds/circuito_01_DE10_Lite/circuito_01.vhd Line: 75
    Warning (13410): Pin "oPIN_F19" is stuck at VCC File: C:/Projetos/Engenharia-de-Computacao/Disciplinas/Eletronica_Digital/Deeds/circuito_01_DE10_Lite/circuito_01.vhd Line: 76
    Warning (13410): Pin "oPIN_F20" is stuck at VCC File: C:/Projetos/Engenharia-de-Computacao/Disciplinas/Eletronica_Digital/Deeds/circuito_01_DE10_Lite/circuito_01.vhd Line: 77
    Warning (13410): Pin "oPIN_F17" is stuck at VCC File: C:/Projetos/Engenharia-de-Computacao/Disciplinas/Eletronica_Digital/Deeds/circuito_01_DE10_Lite/circuito_01.vhd Line: 78
    Warning (13410): Pin "oPIN_J20" is stuck at VCC File: C:/Projetos/Engenharia-de-Computacao/Disciplinas/Eletronica_Digital/Deeds/circuito_01_DE10_Lite/circuito_01.vhd Line: 79
    Warning (13410): Pin "oPIN_K20" is stuck at VCC File: C:/Projetos/Engenharia-de-Computacao/Disciplinas/Eletronica_Digital/Deeds/circuito_01_DE10_Lite/circuito_01.vhd Line: 80
    Warning (13410): Pin "oPIN_L18" is stuck at VCC File: C:/Projetos/Engenharia-de-Computacao/Disciplinas/Eletronica_Digital/Deeds/circuito_01_DE10_Lite/circuito_01.vhd Line: 81
    Warning (13410): Pin "oPIN_N18" is stuck at VCC File: C:/Projetos/Engenharia-de-Computacao/Disciplinas/Eletronica_Digital/Deeds/circuito_01_DE10_Lite/circuito_01.vhd Line: 82
    Warning (13410): Pin "oPIN_M20" is stuck at VCC File: C:/Projetos/Engenharia-de-Computacao/Disciplinas/Eletronica_Digital/Deeds/circuito_01_DE10_Lite/circuito_01.vhd Line: 83
    Warning (13410): Pin "oPIN_N19" is stuck at VCC File: C:/Projetos/Engenharia-de-Computacao/Disciplinas/Eletronica_Digital/Deeds/circuito_01_DE10_Lite/circuito_01.vhd Line: 84
    Warning (13410): Pin "oPIN_N20" is stuck at VCC File: C:/Projetos/Engenharia-de-Computacao/Disciplinas/Eletronica_Digital/Deeds/circuito_01_DE10_Lite/circuito_01.vhd Line: 85
    Warning (13410): Pin "oPIN_L19" is stuck at VCC File: C:/Projetos/Engenharia-de-Computacao/Disciplinas/Eletronica_Digital/Deeds/circuito_01_DE10_Lite/circuito_01.vhd Line: 86
Info (286030): Timing-Driven Synthesis is running
Info (16010): Generating hard_block partition "hard_block:auto_generated_inst"
    Info (16011): Adding 0 node(s), including 0 DDIO, 0 PLL, 0 transceiver and 0 LCELL
Info (21057): Implemented 76 device resources after synthesis - the final resource count might be different
    Info (21058): Implemented 5 input pins
    Info (21059): Implemented 57 output pins
    Info (21061): Implemented 14 logic cells
Info: Quartus Prime Analysis & Synthesis was successful. 0 errors, 52 warnings
    Info: Peak virtual memory: 4844 megabytes
    Info: Processing ended: Tue Jun 17 14:29:24 2025
    Info: Elapsed time: 00:00:10
    Info: Total CPU time (on all processors): 00:00:22


